<?xml version="1.0" encoding="UTF-8"?>
<!-- Generated by org.testng.reporters.JUnitXMLReporter -->
<testsuite ignored="0" hostname="Mussu" failures="0" tests="8" name="Smoke Tests" time="13.056" errors="0" timestamp="2026-04-19T20:49:46 IST">
  <testcase classname="TestCasesUI.LoginPageTest" name="TC_01" time="0.346"/>
  <testcase classname="TestCasesUI.LoginPageTest" name="TC_02" time="0.072"/>
  <testcase classname="TestCasesUI.LoginPageTest" name="TC_03" time="0.051"/>
  <testcase classname="TestCasesUI.LoginPageTest" name="TC_04" time="0.05"/>
  <testcase classname="TestCasesUI.LoginPageTest" name="TC_05" time="0.05"/>
  <testcase classname="TestCasesUI.LoginPageTest" name="TC_06" time="1.445"/>
  <testcase classname="TestCasesUI.LoginPageTest" name="TC_07" time="0.274"/>
  <testcase classname="TestCasesUI.LoginPageTest" name="TC_08" time="2.735"/>
</testsuite> <!-- Smoke Tests -->
