<?xml version="1.0" encoding="UTF-8"?>
<!-- Generated by org.testng.reporters.JUnitXMLReporter -->
<testsuite ignored="0" hostname="Mussu" failures="0" tests="7" name="Smoke Tests" time="10.673" errors="0" timestamp="2026-04-12T16:47:29 IST">
  <testcase classname="TestCases.LoginPageTest" name="TC_01" time="0.242"/>
  <testcase classname="TestCases.LoginPageTest" name="TC_02" time="0.055"/>
  <testcase classname="TestCases.LoginPageTest" name="TC_03" time="0.052"/>
  <testcase classname="TestCases.LoginPageTest" name="TC_04" time="0.036"/>
  <testcase classname="TestCases.LoginPageTest" name="TC_05" time="0.07"/>
  <testcase classname="TestCases.LoginPageTest" name="TC_06" time="1.604"/>
  <testcase classname="TestCases.LoginPageTest" name="TC_07" time="0.257"/>
</testsuite> <!-- Smoke Tests -->
