<?xml version="1.0" encoding="UTF-8"?>
<!-- Generated by org.testng.reporters.JUnitReportReporter -->
<testsuite hostname="Mussu" failures="0" tests="7" name="TestCases.LoginPageTest" time="2.227" errors="0" timestamp="2026-04-12T21:12:34 IST" skipped="0">
  <testcase classname="TestCases.LoginPageTest" name="TC_01" time="0.246"/>
  <testcase classname="TestCases.LoginPageTest" name="TC_02" time="0.118"/>
  <testcase classname="TestCases.LoginPageTest" name="TC_03" time="0.039"/>
  <testcase classname="TestCases.LoginPageTest" name="TC_04" time="0.037"/>
  <testcase classname="TestCases.LoginPageTest" name="TC_05" time="0.041"/>
  <testcase classname="TestCases.LoginPageTest" name="TC_06" time="1.496"/>
  <testcase classname="TestCases.LoginPageTest" name="TC_07" time="0.250"/>
</testsuite> <!-- TestCases.LoginPageTest -->
