<?xml version="1.0" encoding="UTF-8"?>
<!-- Generated by org.testng.reporters.JUnitReportReporter -->
<testsuite hostname="Mussu" failures="0" tests="8" name="TestCasesUI.LoginPageTest" time="5.038" errors="0" timestamp="2026-04-19T20:49:46 IST" skipped="0">
  <testcase classname="TestCasesUI.LoginPageTest" name="TC_01" time="0.347"/>
  <testcase classname="TestCasesUI.LoginPageTest" name="TC_02" time="0.077"/>
  <testcase classname="TestCasesUI.LoginPageTest" name="TC_03" time="0.052"/>
  <testcase classname="TestCasesUI.LoginPageTest" name="TC_04" time="0.052"/>
  <testcase classname="TestCasesUI.LoginPageTest" name="TC_05" time="0.054"/>
  <testcase classname="TestCasesUI.LoginPageTest" name="TC_06" time="1.445"/>
  <testcase classname="TestCasesUI.LoginPageTest" name="TC_07" time="0.275"/>
  <testcase classname="TestCasesUI.LoginPageTest" name="TC_08" time="2.736"/>
</testsuite> <!-- TestCasesUI.LoginPageTest -->
