<?xml version="1.0" encoding="UTF-8"?>
<!-- Generated by org.testng.reporters.JUnitReportReporter -->
<testsuite hostname="Mussu" failures="0" tests="7" name="TestCases.LoginPageTest" time="2.316" errors="0" timestamp="2026-04-12T16:47:29 IST" skipped="0">
  <testcase classname="TestCases.LoginPageTest" name="TC_01" time="0.242"/>
  <testcase classname="TestCases.LoginPageTest" name="TC_02" time="0.055"/>
  <testcase classname="TestCases.LoginPageTest" name="TC_03" time="0.052"/>
  <testcase classname="TestCases.LoginPageTest" name="TC_04" time="0.036"/>
  <testcase classname="TestCases.LoginPageTest" name="TC_05" time="0.070"/>
  <testcase classname="TestCases.LoginPageTest" name="TC_06" time="1.604"/>
  <testcase classname="TestCases.LoginPageTest" name="TC_07" time="0.257"/>
</testsuite> <!-- TestCases.LoginPageTest -->
