<?xml version="1.0" encoding="UTF-8"?>
<testng-results ignored="0" total="7" passed="7" failed="0" skipped="0">
  <reporter-output>
  </reporter-output>
  <suite started-at="2026-04-12T16:47:17 IST" name="OrangeHRM Suite" finished-at="2026-04-12T16:47:28 IST" duration-ms="10673">
    <groups>
    </groups>
    <test started-at="2026-04-12T16:47:17 IST" name="Smoke Tests" finished-at="2026-04-12T16:47:28 IST" duration-ms="10673">
      <class name="TestCases.LoginPageTest">
        <test-method is-config="true" signature="initReport()[pri:0, instance:TestCases.LoginPageTest@70325e14]" started-at="2026-04-12T16:47:17 IST" name="initReport" finished-at="2026-04-12T16:47:17 IST" duration-ms="13" status="PASS">
          <reporter-output>
          </reporter-output>
        </test-method> <!-- initReport -->
        <test-method is-config="true" signature="setUp(java.lang.String)[pri:0, instance:TestCases.LoginPageTest@70325e14]" started-at="2026-04-12T16:47:17 IST" name="setUp" finished-at="2026-04-12T16:47:23 IST" duration-ms="6043" status="PASS">
          <params>
            <param index="0">
              <value>
                <![CDATA[chrome]]>
              </value>
            </param>
          </params>
          <reporter-output>
          </reporter-output>
        </test-method> <!-- setUp -->
        <test-method signature="TC_01()[pri:1, instance:TestCases.LoginPageTest@70325e14]" started-at="2026-04-12T16:47:23 IST" name="TC_01" description="To verify navigate to login page" finished-at="2026-04-12T16:47:24 IST" duration-ms="242" status="PASS">
          <reporter-output>
          </reporter-output>
        </test-method> <!-- TC_01 -->
        <test-method signature="TC_02()[pri:2, instance:TestCases.LoginPageTest@70325e14]" started-at="2026-04-12T16:47:24 IST" name="TC_02" description="To verify logo is displayed on login page" finished-at="2026-04-12T16:47:24 IST" duration-ms="55" status="PASS">
          <reporter-output>
          </reporter-output>
        </test-method> <!-- TC_02 -->
        <test-method signature="TC_03()[pri:3, instance:TestCases.LoginPageTest@70325e14]" started-at="2026-04-12T16:47:24 IST" name="TC_03" description="To verify forgot password link is displayed on login page" finished-at="2026-04-12T16:47:24 IST" duration-ms="52" status="PASS">
          <reporter-output>
          </reporter-output>
        </test-method> <!-- TC_03 -->
        <test-method signature="TC_04()[pri:4, instance:TestCases.LoginPageTest@70325e14]" started-at="2026-04-12T16:47:24 IST" name="TC_04" description="To verify login header is displayed on login page" finished-at="2026-04-12T16:47:24 IST" duration-ms="36" status="PASS">
          <reporter-output>
          </reporter-output>
        </test-method> <!-- TC_04 -->
        <test-method signature="TC_05()[pri:5, instance:TestCases.LoginPageTest@70325e14]" started-at="2026-04-12T16:47:25 IST" name="TC_05" description="To verify company branding is displayed on login page" finished-at="2026-04-12T16:47:25 IST" duration-ms="70" status="PASS">
          <reporter-output>
          </reporter-output>
        </test-method> <!-- TC_05 -->
        <test-method signature="TC_06()[pri:6, instance:TestCases.LoginPageTest@70325e14]" started-at="2026-04-12T16:47:25 IST" name="TC_06" description="To verify user is able to login with Invalid credentials" finished-at="2026-04-12T16:47:26 IST" duration-ms="1604" status="PASS">
          <reporter-output>
          </reporter-output>
        </test-method> <!-- TC_06 -->
        <test-method signature="TC_07()[pri:7, instance:TestCases.LoginPageTest@70325e14]" started-at="2026-04-12T16:47:27 IST" name="TC_07" description="To verify user is able to login with valid credentials" finished-at="2026-04-12T16:47:27 IST" duration-ms="257" status="PASS">
          <reporter-output>
          </reporter-output>
        </test-method> <!-- TC_07 -->
        <test-method is-config="true" signature="tearDown()[pri:0, instance:TestCases.LoginPageTest@70325e14]" started-at="2026-04-12T16:47:28 IST" name="tearDown" finished-at="2026-04-12T16:47:28 IST" duration-ms="1" status="PASS">
          <reporter-output>
          </reporter-output>
        </test-method> <!-- tearDown -->
        <test-method is-config="true" signature="tearDownReport()[pri:0, instance:TestCases.LoginPageTest@70325e14]" started-at="2026-04-12T16:47:29 IST" name="tearDownReport" finished-at="2026-04-12T16:47:29 IST" duration-ms="2" status="PASS">
          <reporter-output>
          </reporter-output>
        </test-method> <!-- tearDownReport -->
      </class> <!-- TestCases.LoginPageTest -->
    </test> <!-- Smoke Tests -->
  </suite> <!-- OrangeHRM Suite -->
</testng-results>
