<?xml version="1.0" encoding="UTF-8"?>
<testng-results ignored="0" total="7" passed="7" failed="0" skipped="0">
  <reporter-output>
  </reporter-output>
  <suite started-at="2026-04-12T21:12:22 IST" name="OrangeHRM Suite" finished-at="2026-04-12T21:12:33 IST" duration-ms="11553">
    <groups>
    </groups>
    <test started-at="2026-04-12T21:12:22 IST" name="Smoke Tests" finished-at="2026-04-12T21:12:33 IST" duration-ms="11553">
      <class name="TestCases.LoginPageTest">
        <test-method is-config="true" signature="initReport()[pri:0, instance:TestCases.LoginPageTest@69453e37]" started-at="2026-04-12T21:12:22 IST" name="initReport" finished-at="2026-04-12T21:12:22 IST" duration-ms="11" status="PASS">
          <reporter-output>
          </reporter-output>
        </test-method> <!-- initReport -->
        <test-method is-config="true" signature="setUp(java.lang.String,java.lang.String)[pri:0, instance:TestCases.LoginPageTest@69453e37]" started-at="2026-04-12T21:12:22 IST" name="setUp" finished-at="2026-04-12T21:12:29 IST" duration-ms="7393" status="PASS">
          <params>
            <param index="0">
              <value>
                <![CDATA[chrome]]>
              </value>
            </param>
            <param index="1">
              <value>
                <![CDATA[true]]>
              </value>
            </param>
          </params>
          <reporter-output>
          </reporter-output>
        </test-method> <!-- setUp -->
        <test-method is-config="true" signature="printTestCaseInfo(java.lang.reflect.Method)[pri:0, instance:TestCases.LoginPageTest@69453e37]" started-at="2026-04-12T21:12:29 IST" name="printTestCaseInfo" finished-at="2026-04-12T21:12:29 IST" duration-ms="3" status="PASS">
          <params>
            <param index="0">
              <value>
                <![CDATA[public void TestCases.LoginPageTest.TC_01()]]>
              </value>
            </param>
          </params>
          <reporter-output>
          </reporter-output>
        </test-method> <!-- printTestCaseInfo -->
        <test-method signature="TC_01()[pri:1, instance:TestCases.LoginPageTest@69453e37]" started-at="2026-04-12T21:12:29 IST" name="TC_01" description="To verify navigate to login page" finished-at="2026-04-12T21:12:29 IST" duration-ms="245" status="PASS">
          <reporter-output>
          </reporter-output>
        </test-method> <!-- TC_01 -->
        <test-method is-config="true" signature="printTestCaseInfo(java.lang.reflect.Method)[pri:0, instance:TestCases.LoginPageTest@69453e37]" started-at="2026-04-12T21:12:30 IST" name="printTestCaseInfo" finished-at="2026-04-12T21:12:30 IST" duration-ms="1" status="PASS">
          <params>
            <param index="0">
              <value>
                <![CDATA[public void TestCases.LoginPageTest.TC_02()]]>
              </value>
            </param>
          </params>
          <reporter-output>
          </reporter-output>
        </test-method> <!-- printTestCaseInfo -->
        <test-method signature="TC_02()[pri:2, instance:TestCases.LoginPageTest@69453e37]" started-at="2026-04-12T21:12:30 IST" name="TC_02" description="To verify logo is displayed on login page" finished-at="2026-04-12T21:12:30 IST" duration-ms="117" status="PASS">
          <reporter-output>
          </reporter-output>
        </test-method> <!-- TC_02 -->
        <test-method is-config="true" signature="printTestCaseInfo(java.lang.reflect.Method)[pri:0, instance:TestCases.LoginPageTest@69453e37]" started-at="2026-04-12T21:12:30 IST" name="printTestCaseInfo" finished-at="2026-04-12T21:12:30 IST" duration-ms="1" status="PASS">
          <params>
            <param index="0">
              <value>
                <![CDATA[public void TestCases.LoginPageTest.TC_03()]]>
              </value>
            </param>
          </params>
          <reporter-output>
          </reporter-output>
        </test-method> <!-- printTestCaseInfo -->
        <test-method signature="TC_03()[pri:3, instance:TestCases.LoginPageTest@69453e37]" started-at="2026-04-12T21:12:30 IST" name="TC_03" description="To verify forgot password link is displayed on login page" finished-at="2026-04-12T21:12:30 IST" duration-ms="36" status="PASS">
          <reporter-output>
          </reporter-output>
        </test-method> <!-- TC_03 -->
        <test-method is-config="true" signature="printTestCaseInfo(java.lang.reflect.Method)[pri:0, instance:TestCases.LoginPageTest@69453e37]" started-at="2026-04-12T21:12:30 IST" name="printTestCaseInfo" finished-at="2026-04-12T21:12:30 IST" duration-ms="1" status="PASS">
          <params>
            <param index="0">
              <value>
                <![CDATA[public void TestCases.LoginPageTest.TC_04()]]>
              </value>
            </param>
          </params>
          <reporter-output>
          </reporter-output>
        </test-method> <!-- printTestCaseInfo -->
        <test-method signature="TC_04()[pri:4, instance:TestCases.LoginPageTest@69453e37]" started-at="2026-04-12T21:12:30 IST" name="TC_04" description="To verify login header is displayed on login page" finished-at="2026-04-12T21:12:30 IST" duration-ms="36" status="PASS">
          <reporter-output>
          </reporter-output>
        </test-method> <!-- TC_04 -->
        <test-method is-config="true" signature="printTestCaseInfo(java.lang.reflect.Method)[pri:0, instance:TestCases.LoginPageTest@69453e37]" started-at="2026-04-12T21:12:30 IST" name="printTestCaseInfo" finished-at="2026-04-12T21:12:30 IST" duration-ms="1" status="PASS">
          <params>
            <param index="0">
              <value>
                <![CDATA[public void TestCases.LoginPageTest.TC_05()]]>
              </value>
            </param>
          </params>
          <reporter-output>
          </reporter-output>
        </test-method> <!-- printTestCaseInfo -->
        <test-method signature="TC_05()[pri:5, instance:TestCases.LoginPageTest@69453e37]" started-at="2026-04-12T21:12:30 IST" name="TC_05" description="To verify company branding is displayed on login page" finished-at="2026-04-12T21:12:30 IST" duration-ms="40" status="PASS">
          <reporter-output>
          </reporter-output>
        </test-method> <!-- TC_05 -->
        <test-method signature="TC_06()[pri:6, instance:TestCases.LoginPageTest@69453e37]" started-at="2026-04-12T21:12:30 IST" name="TC_06" description="To verify user is able to login with Invalid credentials" finished-at="2026-04-12T21:12:32 IST" duration-ms="1496" status="PASS">
          <reporter-output>
          </reporter-output>
        </test-method> <!-- TC_06 -->
        <test-method is-config="true" signature="printTestCaseInfo(java.lang.reflect.Method)[pri:0, instance:TestCases.LoginPageTest@69453e37]" started-at="2026-04-12T21:12:30 IST" name="printTestCaseInfo" finished-at="2026-04-12T21:12:30 IST" duration-ms="0" status="PASS">
          <params>
            <param index="0">
              <value>
                <![CDATA[public void TestCases.LoginPageTest.TC_06()]]>
              </value>
            </param>
          </params>
          <reporter-output>
          </reporter-output>
        </test-method> <!-- printTestCaseInfo -->
        <test-method is-config="true" signature="printTestCaseInfo(java.lang.reflect.Method)[pri:0, instance:TestCases.LoginPageTest@69453e37]" started-at="2026-04-12T21:12:32 IST" name="printTestCaseInfo" finished-at="2026-04-12T21:12:32 IST" duration-ms="1" status="PASS">
          <params>
            <param index="0">
              <value>
                <![CDATA[public void TestCases.LoginPageTest.TC_07()]]>
              </value>
            </param>
          </params>
          <reporter-output>
          </reporter-output>
        </test-method> <!-- printTestCaseInfo -->
        <test-method signature="TC_07()[pri:7, instance:TestCases.LoginPageTest@69453e37]" started-at="2026-04-12T21:12:32 IST" name="TC_07" description="To verify user is able to login with valid credentials" finished-at="2026-04-12T21:12:32 IST" duration-ms="249" status="PASS">
          <reporter-output>
          </reporter-output>
        </test-method> <!-- TC_07 -->
        <test-method is-config="true" signature="tearDown()[pri:0, instance:TestCases.LoginPageTest@69453e37]" started-at="2026-04-12T21:12:33 IST" name="tearDown" finished-at="2026-04-12T21:12:33 IST" duration-ms="172" status="PASS">
          <reporter-output>
          </reporter-output>
        </test-method> <!-- tearDown -->
        <test-method is-config="true" signature="tearDownReport()[pri:0, instance:TestCases.LoginPageTest@69453e37]" started-at="2026-04-12T21:12:34 IST" name="tearDownReport" finished-at="2026-04-12T21:12:34 IST" duration-ms="1" status="PASS">
          <reporter-output>
          </reporter-output>
        </test-method> <!-- tearDownReport -->
      </class> <!-- TestCases.LoginPageTest -->
    </test> <!-- Smoke Tests -->
  </suite> <!-- OrangeHRM Suite -->
</testng-results>
